  pch.cpp
  imgui.cpp
  imguivariouscontrols.cpp
  imgui_additions.cpp
  imgui_demo.cpp
  imgui_draw.cpp
  imgui_impl_dx11.cpp
  imgui_impl_win32.cpp
  imgui_rangeslider.cpp
  imgui_searchablecombo.cpp
  imgui_stdlib.cpp
  imgui_timeline.cpp
  imgui_widgets.cpp
C:\Users\Pierre Verhart\source\repos\CarTracker\CarTracker\imgui\imguivariouscontrols.h(49,59): warning C4305: 'argument': truncation from 'double' to 'float' (compiling source file imgui\imguivariouscontrols.cpp)
C:\Users\Pierre Verhart\source\repos\CarTracker\CarTracker\imgui\imguivariouscontrols.h(49,104): warning C4305: 'argument': truncation from 'double' to 'float' (compiling source file imgui\imguivariouscontrols.cpp)
C:\Users\Pierre Verhart\source\repos\CarTracker\CarTracker\imgui\imguivariouscontrols.h(74,93): warning C4244: 'initializing': conversion from 'double' to 'float', possible loss of data (compiling source file imgui\imguivariouscontrols.cpp)
C:\Users\Pierre Verhart\source\repos\CarTracker\CarTracker\imgui\imgui_additions.cpp(9,46): warning C4267: 'argument': conversion from 'size_t' to 'int', possible loss of data
C:\Users\Pierre Verhart\source\repos\CarTracker\CarTracker\imgui\imgui_additions.cpp(16,46): warning C4267: 'argument': conversion from 'size_t' to 'int', possible loss of data
C:\Users\Pierre Verhart\source\repos\CarTracker\CarTracker\imgui\imguivariouscontrols.h(544,1): warning C4267: 'initializing': conversion from 'size_t' to 'int', possible loss of data (compiling source file imgui\imguivariouscontrols.cpp)
C:\Users\Pierre Verhart\source\repos\CarTracker\CarTracker\imgui\imguivariouscontrols.h(544,1): warning C4267: 'initializing': conversion from 'size_t' to 'const int', possible loss of data (compiling source file imgui\imguivariouscontrols.cpp)
  CarTracker.cpp
C:\Users\Pierre Verhart\source\repos\CarTracker\CarTracker\imgui\imguivariouscontrols.cpp(110,196): warning C4305: 'argument': truncation from 'double' to 'float'
C:\Users\Pierre Verhart\source\repos\CarTracker\CarTracker\imgui\imguivariouscontrols.cpp(228,86): warning C4244: '=': conversion from 'double' to 'float', possible loss of data
C:\Users\Pierre Verhart\source\repos\CarTracker\CarTracker\imgui\imguivariouscontrols.cpp(229,45): warning C4244: 'initializing': conversion from 'double' to 'float', possible loss of data
C:\Users\Pierre Verhart\source\repos\CarTracker\CarTracker\imgui\imguivariouscontrols.cpp(229,29): warning C4244: 'initializing': conversion from 'double' to 'const float', possible loss of data
C:\Users\Pierre Verhart\source\repos\CarTracker\CarTracker\imgui\imguivariouscontrols.cpp(303,26): warning C4244: 'initializing': conversion from 'double' to 'float', possible loss of data
C:\Users\Pierre Verhart\source\repos\CarTracker\CarTracker\imgui\imguivariouscontrols.cpp(304,26): warning C4244: 'initializing': conversion from 'double' to 'float', possible loss of data
C:\Users\Pierre Verhart\source\repos\CarTracker\CarTracker\imgui\imguivariouscontrols.cpp(363,101): warning C4244: 'argument': conversion from 'const int' to 'float', possible loss of data
C:\Users\Pierre Verhart\source\repos\CarTracker\CarTracker\imgui\imguivariouscontrols.cpp(412,23): warning C4244: 'initializing': conversion from 'float' to 'int', possible loss of data
C:\Users\Pierre Verhart\source\repos\CarTracker\CarTracker\imgui\imguivariouscontrols.cpp(413,23): warning C4244: 'initializing': conversion from 'float' to 'int', possible loss of data
C:\Users\Pierre Verhart\source\repos\CarTracker\CarTracker\imgui\imguivariouscontrols.cpp(414,23): warning C4244: 'initializing': conversion from 'float' to 'int', possible loss of data
C:\Users\Pierre Verhart\source\repos\CarTracker\CarTracker\imgui\imguivariouscontrols.cpp(415,23): warning C4244: 'initializing': conversion from 'float' to 'int', possible loss of data
C:\Users\Pierre Verhart\source\repos\CarTracker\CarTracker\imgui\imgui_rangeslider.cpp(302,25): warning C4244: 'argument': conversion from 'ImS32' to 'float', possible loss of data
C:\Users\Pierre Verhart\source\repos\CarTracker\CarTracker\imgui\imgui_rangeslider.cpp(387,197): message : see reference to function template instantiation 'bool ImGui::RangeSliderBehaviorT<ImS32,ImS32,float>(const ImRect &,ImGuiID,ImGuiDataType,TYPE *,TYPE *,const TYPE,const TYPE,const char *,float,ImGuiSliderFlags,ImRect *,ImRect *)' being compiled
          with
          [
              TYPE=ImS32
          ]
C:\Users\Pierre Verhart\source\repos\CarTracker\CarTracker\imgui\imgui_rangeslider.cpp(302,48): warning C4244: 'argument': conversion from 'ImS32' to 'float', possible loss of data
C:\Users\Pierre Verhart\source\repos\CarTracker\CarTracker\imgui\imgui_rangeslider.cpp(329,30): warning C4244: 'argument': conversion from 'ImS32' to 'float', possible loss of data
C:\Users\Pierre Verhart\source\repos\CarTracker\CarTracker\imgui\imgui_rangeslider.cpp(329,52): warning C4244: 'argument': conversion from 'ImS32' to 'float', possible loss of data
C:\Users\Pierre Verhart\source\repos\CarTracker\CarTracker\imgui\imguivariouscontrols.cpp(770,68): warning C4267: 'initializing': conversion from 'size_t' to 'int', possible loss of data
C:\Users\Pierre Verhart\source\repos\CarTracker\CarTracker\imgui\imguivariouscontrols.cpp(770,68): warning C4267: 'initializing': conversion from 'size_t' to 'const int', possible loss of data
C:\Users\Pierre Verhart\source\repos\CarTracker\CarTracker\imgui\imguivariouscontrols.cpp(771,42): warning C4267: 'initializing': conversion from 'size_t' to 'int', possible loss of data
C:\Users\Pierre Verhart\source\repos\CarTracker\CarTracker\imgui\imgui_rangeslider.cpp(302,25): warning C4244: 'argument': conversion from 'TYPE' to 'float', possible loss of data
          with
          [
              TYPE=ImU32
          ]
C:\Users\Pierre Verhart\source\repos\CarTracker\CarTracker\imgui\imgui_rangeslider.cpp(399,197): message : see reference to function template instantiation 'bool ImGui::RangeSliderBehaviorT<ImU32,ImS32,float>(const ImRect &,ImGuiID,ImGuiDataType,TYPE *,TYPE *,const TYPE,const TYPE,const char *,float,ImGuiSliderFlags,ImRect *,ImRect *)' being compiled
          with
          [
              TYPE=ImU32
          ]
C:\Users\Pierre Verhart\source\repos\CarTracker\CarTracker\imgui\imgui_rangeslider.cpp(302,48): warning C4244: 'argument': conversion from 'TYPE' to 'float', possible loss of data
          with
          [
              TYPE=ImU32
          ]
C:\Users\Pierre Verhart\source\repos\CarTracker\CarTracker\imgui\imgui_rangeslider.cpp(329,30): warning C4244: 'argument': conversion from 'TYPE' to 'float', possible loss of data
          with
          [
              TYPE=ImU32
          ]
C:\Users\Pierre Verhart\source\repos\CarTracker\CarTracker\imgui\imgui_rangeslider.cpp(329,52): warning C4244: 'argument': conversion from 'TYPE' to 'float', possible loss of data
          with
          [
              TYPE=ImU32
          ]
C:\Users\Pierre Verhart\source\repos\CarTracker\CarTracker\imgui\imguivariouscontrols.cpp(1354,44): warning C4244: 'initializing': conversion from 'double' to 'float', possible loss of data
C:\Users\Pierre Verhart\source\repos\CarTracker\CarTracker\imgui\imguivariouscontrols.cpp(1354,40): warning C4244: 'initializing': conversion from 'double' to 'const float', possible loss of data
C:\Users\Pierre Verhart\source\repos\CarTracker\CarTracker\imgui\imguivariouscontrols.cpp(1378,32): warning C4244: 'initializing': conversion from 'double' to 'float', possible loss of data
C:\Users\Pierre Verhart\source\repos\CarTracker\CarTracker\imgui\imguivariouscontrols.cpp(1378,28): warning C4244: 'initializing': conversion from 'double' to 'const float', possible loss of data
C:\Users\Pierre Verhart\source\repos\CarTracker\CarTracker\imgui\imguivariouscontrols.cpp(1459,65): warning C4244: 'argument': conversion from 'int' to 'float', possible loss of data
C:\Users\Pierre Verhart\source\repos\CarTracker\CarTracker\imgui\imgui_rangeslider.cpp(302,25): warning C4244: 'argument': conversion from 'ImS64' to 'float', possible loss of data
C:\Users\Pierre Verhart\source\repos\CarTracker\CarTracker\imgui\imgui_rangeslider.cpp(439,202): message : see reference to function template instantiation 'bool ImGui::RangeSliderBehaviorT<ImS64,ImS64,double>(const ImRect &,ImGuiID,ImGuiDataType,TYPE *,TYPE *,const TYPE,const TYPE,const char *,float,ImGuiSliderFlags,ImRect *,ImRect *)' being compiled
          with
          [
              TYPE=ImS64
          ]
C:\Users\Pierre Verhart\source\repos\CarTracker\CarTracker\imgui\imgui_rangeslider.cpp(302,48): warning C4244: 'argument': conversion from 'ImS64' to 'float', possible loss of data
C:\Users\Pierre Verhart\source\repos\CarTracker\CarTracker\imgui\imgui_rangeslider.cpp(329,30): warning C4244: 'argument': conversion from 'ImS64' to 'float', possible loss of data
C:\Users\Pierre Verhart\source\repos\CarTracker\CarTracker\imgui\imgui_rangeslider.cpp(329,52): warning C4244: 'argument': conversion from 'ImS64' to 'float', possible loss of data
C:\Users\Pierre Verhart\source\repos\CarTracker\CarTracker\imgui\imguivariouscontrols.cpp(1544,54): warning C4244: 'initializing': conversion from 'float' to 'int', possible loss of data
C:\Users\Pierre Verhart\source\repos\CarTracker\CarTracker\imgui\imgui_rangeslider.cpp(302,25): warning C4244: 'argument': conversion from 'TYPE' to 'float', possible loss of data
          with
          [
              TYPE=ImU64
          ]
C:\Users\Pierre Verhart\source\repos\CarTracker\CarTracker\imgui\imgui_rangeslider.cpp(442,202): message : see reference to function template instantiation 'bool ImGui::RangeSliderBehaviorT<ImU64,ImS64,double>(const ImRect &,ImGuiID,ImGuiDataType,TYPE *,TYPE *,const TYPE,const TYPE,const char *,float,ImGuiSliderFlags,ImRect *,ImRect *)' being compiled
          with
          [
              TYPE=ImU64
          ]
  GuiBase.cpp
C:\Users\Pierre Verhart\source\repos\CarTracker\CarTracker\imgui\imguivariouscontrols.cpp(1544,24): warning C4244: 'initializing': conversion from 'float' to 'const int', possible loss of data
C:\Users\Pierre Verhart\source\repos\CarTracker\CarTracker\imgui\imgui_rangeslider.cpp(302,48): warning C4244: 'argument': conversion from 'TYPE' to 'float', possible loss of data
          with
          [
              TYPE=ImU64
          ]
C:\Users\Pierre Verhart\source\repos\CarTracker\CarTracker\imgui\imgui_rangeslider.cpp(329,30): warning C4244: 'argument': conversion from 'TYPE' to 'float', possible loss of data
          with
          [
              TYPE=ImU64
          ]
C:\Users\Pierre Verhart\source\repos\CarTracker\CarTracker\imgui\imgui_rangeslider.cpp(329,52): warning C4244: 'argument': conversion from 'TYPE' to 'float', possible loss of data
          with
          [
              TYPE=ImU64
          ]
C:\Users\Pierre Verhart\source\repos\CarTracker\CarTracker\imgui\imgui_rangeslider.cpp(302,25): warning C4244: 'argument': conversion from 'TYPE' to 'float', possible loss of data
          with
          [
              TYPE=double
          ]
C:\Users\Pierre Verhart\source\repos\CarTracker\CarTracker\imgui\imgui_rangeslider.cpp(448,208): message : see reference to function template instantiation 'bool ImGui::RangeSliderBehaviorT<double,double,double>(const ImRect &,ImGuiID,ImGuiDataType,TYPE *,TYPE *,const TYPE,const TYPE,const char *,float,ImGuiSliderFlags,ImRect *,ImRect *)' being compiled
          with
          [
              TYPE=double
          ]
C:\Users\Pierre Verhart\source\repos\CarTracker\CarTracker\imgui\imgui_rangeslider.cpp(302,48): warning C4244: 'argument': conversion from 'TYPE' to 'float', possible loss of data
          with
          [
              TYPE=double
          ]
C:\Users\Pierre Verhart\source\repos\CarTracker\CarTracker\imgui\imgui_rangeslider.cpp(329,30): warning C4244: 'argument': conversion from 'TYPE' to 'float', possible loss of data
          with
          [
              TYPE=double
          ]
C:\Users\Pierre Verhart\source\repos\CarTracker\CarTracker\imgui\imgui_rangeslider.cpp(329,52): warning C4244: 'argument': conversion from 'TYPE' to 'float', possible loss of data
          with
          [
              TYPE=double
          ]
C:\Users\Pierre Verhart\source\repos\CarTracker\CarTracker\imgui\imguivariouscontrols.cpp(2223,47): warning C4267: 'initializing': conversion from 'size_t' to 'int', possible loss of data
C:\Users\Pierre Verhart\source\repos\CarTracker\CarTracker\imgui\imguivariouscontrols.cpp(2223,47): warning C4267: 'initializing': conversion from 'size_t' to 'const int', possible loss of data
C:\Users\Pierre Verhart\source\repos\CarTracker\CarTracker\imgui\imguivariouscontrols.cpp(2276,49): warning C4267: 'argument': conversion from 'size_t' to 'int', possible loss of data
C:\Users\Pierre Verhart\source\repos\CarTracker\CarTracker\imgui\imguivariouscontrols.cpp(2285,135): warning C4244: 'initializing': conversion from 'float' to 'int', possible loss of data
C:\Users\Pierre Verhart\source\repos\CarTracker\CarTracker\imgui\imguivariouscontrols.cpp(2285,49): warning C4244: 'initializing': conversion from 'float' to 'const int', possible loss of data
C:\Users\Pierre Verhart\source\repos\CarTracker\CarTracker\imgui\imguivariouscontrols.cpp(2286,74): warning C4244: 'initializing': conversion from 'float' to 'int', possible loss of data
C:\Users\Pierre Verhart\source\repos\CarTracker\CarTracker\imgui\imguivariouscontrols.cpp(2286,49): warning C4244: 'initializing': conversion from 'float' to 'const int', possible loss of data
C:\Program Files (x86)\Windows Kits\10\Include\10.0.22000.0\shared\minwindef.h(250,1): warning C4099: 'HINSTANCE__': type name first seen using 'class' now seen using 'struct' (compiling source file imgui\imgui_impl_win32.cpp)
C:\Program Files (x86)\Windows Kits\10\Include\10.0.22000.0\shared\minwindef.h(250,1): message : see declaration of 'HINSTANCE__' (compiling source file imgui\imgui_impl_win32.cpp)
C:\Users\Pierre Verhart\source\repos\CarTracker\CarTracker\imgui\imguivariouscontrols.cpp(2376,51): warning C4267: 'argument': conversion from 'size_t' to 'int', possible loss of data
C:\Program Files (x86)\Windows Kits\10\Include\10.0.22000.0\shared\minwindef.h(250,1): warning C4099: 'HINSTANCE__': type name first seen using 'class' now seen using 'struct' (compiling source file imgui\imgui_impl_dx11.cpp)
C:\Program Files (x86)\Windows Kits\10\Include\10.0.22000.0\shared\minwindef.h(250,1): message : see declaration of 'HINSTANCE__' (compiling source file imgui\imgui_impl_dx11.cpp)
C:\Users\Pierre Verhart\source\repos\CarTracker\CarTracker\imgui\imguivariouscontrols.cpp(2413,63): warning C4267: 'argument': conversion from 'size_t' to 'int', possible loss of data
C:\Users\Pierre Verhart\source\repos\CarTracker\CarTracker\imgui\imguivariouscontrols.cpp(2550,1): warning C4267: 'initializing': conversion from 'size_t' to 'int', possible loss of data
C:\Users\Pierre Verhart\source\repos\CarTracker\CarTracker\imgui\imguivariouscontrols.cpp(2550,1): warning C4267: 'initializing': conversion from 'size_t' to 'const int', possible loss of data
C:\Users\Pierre Verhart\source\repos\CarTracker\CarTracker\imgui\imguivariouscontrols.cpp(3459,79): warning C4244: '=': conversion from 'float' to 'int', possible loss of data
C:\Users\Pierre Verhart\source\repos\CarTracker\CarTracker\imgui\imguivariouscontrols.cpp(3460,33): warning C4244: '=': conversion from 'float' to 'int', possible loss of data
C:\Users\Pierre Verhart\source\repos\CarTracker\CarTracker\imgui\imguivariouscontrols.cpp(3782,39): warning C4267: 'initializing': conversion from 'size_t' to 'int', possible loss of data
C:\Users\Pierre Verhart\source\repos\CarTracker\CarTracker\imgui\imguivariouscontrols.cpp(3807,22): warning C4244: 'initializing': conversion from 'float' to 'int', possible loss of data
C:\Users\Pierre Verhart\source\repos\CarTracker\CarTracker\imgui\imguivariouscontrols.cpp(4035,31): warning C4244: 'initializing': conversion from 'double' to 'float', possible loss of data
C:\Users\Pierre Verhart\source\repos\CarTracker\CarTracker\imgui\imguivariouscontrols.cpp(4036,73): warning C4244: '=': conversion from 'double' to 'float', possible loss of data
C:\Users\Pierre Verhart\source\repos\CarTracker\CarTracker\imgui\imguivariouscontrols.cpp(4040,44): warning C4244: '=': conversion from 'double' to 'float', possible loss of data
C:\Users\Pierre Verhart\source\repos\CarTracker\CarTracker\imgui\imguivariouscontrols.cpp(4045,39): warning C4244: '=': conversion from 'double' to 'float', possible loss of data
C:\Users\Pierre Verhart\source\repos\CarTracker\CarTracker\imgui\imguivariouscontrols.cpp(4053,27): warning C4244: 'initializing': conversion from 'double' to 'float', possible loss of data
C:\Program Files (x86)\Windows Kits\10\Include\10.0.22000.0\shared\minwindef.h(250,1): warning C4099: 'HINSTANCE__': type name first seen using 'class' now seen using 'struct' (compiling source file imgui\imgui.cpp)
C:\Program Files (x86)\Windows Kits\10\Include\10.0.22000.0\shared\minwindef.h(250,1): message : see declaration of 'HINSTANCE__' (compiling source file imgui\imgui.cpp)
     Creating library C:\Users\Pierre Verhart\source\repos\CarTracker\plugins\CarTracker.lib and object C:\Users\Pierre Verhart\source\repos\CarTracker\plugins\CarTracker.exp
CarTracker.obj : error LNK2001: unresolved external symbol "private: virtual class std::basic_string<char,struct std::char_traits<char>,class std::allocator<char> > __cdecl CarTracker::GetPluginName(void)" (?GetPluginName@CarTracker@@EEAA?AV?$basic_string@DU?$char_traits@D@std@@V?$allocator@D@2@@std@@XZ)
CarTracker.obj : error LNK2001: unresolved external symbol "public: virtual void __cdecl CarTracker::SetImGuiContext(unsigned __int64)" (?SetImGuiContext@CarTracker@@UEAAX_K@Z)
C:\Users\Pierre Verhart\source\repos\CarTracker\plugins\CarTracker.dll : fatal error LNK1120: 2 unresolved externals
